# JRE version: Java(TM) SE Runtime Environment (8.0_161-b12) (build 1.8.0_161-b12)
# Java VM: Java HotSpot(TM) 64-Bit Server VM (25.161-b12 mixed mode bsd-amd64 compressed oops)
Heap:
 PSYoungGen      total 342528K, used 68914K [0x000000076ab00000, 0x0000000786d80000, 0x00000007c0000000)
  eden space 238080K, 3% used [0x000000076ab00000,0x000000076b29bc98,0x0000000779380000)
  from space 104448K, 58% used [0x0000000780780000,0x0000000784330d28,0x0000000786d80000)
  to   space 111616K, 0% used [0x0000000779380000,0x0000000779380000,0x0000000780080000)
 ParOldGen       total 477696K, used 305586K [0x00000006c0000000, 0x00000006dd280000, 0x000000076ab00000)
  object space 477696K, 63% used [0x00000006c0000000,0x00000006d2a6c850,0x00000006dd280000)
 Metaspace       used 43801K, capacity 44585K, committed 44760K, reserved 1087488K
  class space    used 6917K, capacity 7113K, committed 7168K, reserved 1048576K
GC Heap History (10 events):
Event: 920.431 GC heap before
{Heap before GC invocations=11 (full 2):
 PSYoungGen      total 264704K, used 260757K [0x000000076ab00000, 0x0000000783600000, 0x00000007c0000000)
  eden space 225280K, 98% used [0x000000076ab00000,0x0000000778329c48,0x0000000778700000)
  from space 39424K, 99% used [0x000000077d200000,0x000000077f87b8e8,0x000000077f880000)
  to   space 76800K, 0% used [0x0000000778700000,0x0000000778700000,0x000000077d200000)
 ParOldGen       total 181760K, used 114295K [0x00000006c0000000, 0x00000006cb180000, 0x000000076ab00000)
  object space 181760K, 62% used [0x00000006c0000000,0x00000006c6f9ddb8,0x00000006cb180000)
 Metaspace       used 43588K, capacity 44341K, committed 44760K, reserved 1087488K
  class space    used 6905K, capacity 7079K, committed 7168K, reserved 1048576K
Event: 920.509 GC heap after
Heap after GC invocations=11 (full 2):
 PSYoungGen      total 295424K, used 70460K [0x000000076ab00000, 0x0000000782c80000, 0x00000007c0000000)
  eden space 218624K, 0% used [0x000000076ab00000,0x000000076ab00000,0x0000000778080000)
  from space 76800K, 91% used [0x0000000778700000,0x000000077cbcf380,0x000000077d200000)
  to   space 88064K, 0% used [0x000000077d680000,0x000000077d680000,0x0000000782c80000)
 ParOldGen       total 302080K, used 301992K [0x00000006c0000000, 0x00000006d2700000, 0x000000076ab00000)
  object space 302080K, 99% used [0x00000006c0000000,0x00000006d26ea068,0x00000006d2700000)
 Metaspace       used 43588K, capacity 44341K, committed 44760K, reserved 1087488K
  class space    used 6905K, capacity 7079K, committed 7168K, reserved 1048576K
}
Event: 920.509 GC heap before
{Heap before GC invocations=12 (full 3):
 PSYoungGen      total 295424K, used 70460K [0x000000076ab00000, 0x0000000782c80000, 0x00000007c0000000)
  eden space 218624K, 0% used [0x000000076ab00000,0x000000076ab00000,0x0000000778080000)
  from space 76800K, 91% used [0x0000000778700000,0x000000077cbcf380,0x000000077d200000)
  to   space 88064K, 0% used [0x000000077d680000,0x000000077d680000,0x0000000782c80000)
 ParOldGen       total 302080K, used 301992K [0x00000006c0000000, 0x00000006d2700000, 0x000000076ab00000)
  object space 302080K, 99% used [0x00000006c0000000,0x00000006d26ea068,0x00000006d2700000)
 Metaspace       used 43588K, capacity 44341K, committed 44760K, reserved 1087488K
  class space    used 6905K, capacity 7079K, committed 7168K, reserved 1048576K
Event: 920.697 GC heap after
Heap after GC invocations=12 (full 3):
 PSYoungGen      total 295424K, used 0K [0x000000076ab00000, 0x0000000782c80000, 0x00000007c0000000)
  eden space 218624K, 0% used [0x000000076ab00000,0x000000076ab00000,0x0000000778080000)
  from space 76800K, 0% used [0x0000000778700000,0x0000000778700000,0x000000077d200000)
  to   space 88064K, 0% used [0x000000077d680000,0x000000077d680000,0x0000000782c80000)
 ParOldGen       total 477696K, used 149711K [0x00000006c0000000, 0x00000006dd280000, 0x000000076ab00000)
  object space 477696K, 31% used [0x00000006c0000000,0x00000006c9233eb0,0x00000006dd280000)
 Metaspace       used 43588K, capacity 44341K, committed 44760K, reserved 1087488K
  class space    used 6905K, capacity 7079K, committed 7168K, reserved 1048576K
}
Event: 4489.048 GC heap before
{Heap before GC invocations=13 (full 3):
 PSYoungGen      total 295424K, used 196510K [0x000000076ab00000, 0x0000000782c80000, 0x00000007c0000000)
  eden space 218624K, 89% used [0x000000076ab00000,0x0000000776ae7bb8,0x0000000778080000)
  from space 76800K, 0% used [0x0000000778700000,0x0000000778700000,0x000000077d200000)
  to   space 88064K, 0% used [0x000000077d680000,0x000000077d680000,0x0000000782c80000)
 ParOldGen       total 477696K, used 149711K [0x00000006c0000000, 0x00000006dd280000, 0x000000076ab00000)
  object space 477696K, 31% used [0x00000006c0000000,0x00000006c9233eb0,0x00000006dd280000)
 Metaspace       used 43695K, capacity 44521K, committed 44760K, reserved 1087488K
  class space    used 6915K, capacity 7113K, committed 7168K, reserved 1048576K
Event: 4489.198 GC heap after
Heap after GC invocations=13 (full 3):
 PSYoungGen      total 293888K, used 82433K [0x000000076ab00000, 0x0000000786d00000, 0x00000007c0000000)
  eden space 205824K, 0% used [0x000000076ab00000,0x000000076ab00000,0x0000000777400000)
  from space 88064K, 93% used [0x000000077d680000,0x0000000782700748,0x0000000782c80000)
  to   space 100864K, 0% used [0x0000000777400000,0x0000000777400000,0x000000077d680000)
 ParOldGen       total 477696K, used 187037K [0x00000006c0000000, 0x00000006dd280000, 0x000000076ab00000)
  object space 477696K, 39% used [0x00000006c0000000,0x00000006cb6a7790,0x00000006dd280000)
 Metaspace       used 43695K, capacity 44521K, committed 44760K, reserved 1087488K
  class space    used 6915K, capacity 7113K, committed 7168K, reserved 1048576K
}
Event: 4517.749 GC heap before
{Heap before GC invocations=14 (full 3):
 PSYoungGen      total 293888K, used 279269K [0x000000076ab00000, 0x0000000786d00000, 0x00000007c0000000)
  eden space 205824K, 95% used [0x000000076ab00000,0x0000000776b38f48,0x0000000777400000)
  from space 88064K, 93% used [0x000000077d680000,0x0000000782700748,0x0000000782c80000)
  to   space 100864K, 0% used [0x0000000777400000,0x0000000777400000,0x000000077d680000)
 ParOldGen       total 477696K, used 187037K [0x00000006c0000000, 0x00000006dd280000, 0x000000076ab00000)
  object space 477696K, 39% used [0x00000006c0000000,0x00000006cb6a7790,0x00000006dd280000)
 Metaspace       used 43706K, capacity 44521K, committed 44760K, reserved 1087488K
  class space    used 6915K, capacity 7113K, committed 7168K, reserved 1048576K
Event: 4517.993 GC heap after
Heap after GC invocations=14 (full 3):
 PSYoungGen      total 306688K, used 85961K [0x000000076ab00000, 0x0000000787480000, 0x00000007c0000000)
  eden space 205824K, 0% used [0x000000076ab00000,0x000000076ab00000,0x0000000777400000)
  from space 100864K, 85% used [0x0000000777400000,0x000000077c7f2658,0x000000077d680000)
  to   space 111616K, 0% used [0x0000000780780000,0x0000000780780000,0x0000000787480000)
 ParOldGen       total 477696K, used 305578K [0x00000006c0000000, 0x00000006dd280000, 0x000000076ab00000)
  object space 477696K, 63% used [0x00000006c0000000,0x00000006d2a6a850,0x00000006dd280000)
 Metaspace       used 43706K, capacity 44521K, committed 44760K, reserved 1087488K
  class space    used 6915K, capacity 7113K, committed 7168K, reserved 1048576K
}
Event: 9495.360 GC heap before
{Heap before GC invocations=15 (full 3):
 PSYoungGen      total 306688K, used 288849K [0x000000076ab00000, 0x0000000787480000, 0x00000007c0000000)
  eden space 205824K, 98% used [0x000000076ab00000,0x0000000777121f50,0x0000000777400000)
  from space 100864K, 85% used [0x0000000777400000,0x000000077c7f2658,0x000000077d680000)
  to   space 111616K, 0% used [0x0000000780780000,0x0000000780780000,0x0000000787480000)
 ParOldGen       total 477696K, used 305578K [0x00000006c0000000, 0x00000006dd280000, 0x000000076ab00000)
  object space 477696K, 63% used [0x00000006c0000000,0x00000006d2a6a850,0x00000006dd280000)
 Metaspace       used 43801K, capacity 44585K, committed 44760K, reserved 1087488K
  class space    used 6917K, capacity 7113K, committed 7168K, reserved 1048576K
Event: 9495.686 GC heap after
Heap after GC invocations=15 (full 3):
 PSYoungGen      total 342528K, used 61123K [0x000000076ab00000, 0x0000000786d80000, 0x00000007c0000000)
  eden space 238080K, 0% used [0x000000076ab00000,0x000000076ab00000,0x0000000779380000)
  from space 104448K, 58% used [0x0000000780780000,0x0000000784330d28,0x0000000786d80000)
  to   space 111616K, 0% used [0x0000000779380000,0x0000000779380000,0x0000000780080000)
 ParOldGen       total 477696K, used 305586K [0x00000006c0000000, 0x00000006dd280000, 0x000000076ab00000)
  object space 477696K, 63% used [0x00000006c0000000,0x00000006d2a6c850,0x00000006dd280000)
 Metaspace       used 43801K, capacity 44585K, committed 44760K, reserved 1087488K
  class space    used 6917K, capacity 7113K, committed 7168K, reserved 1048576K
}

